SF:lib\clause.dart
DA:12,1
DA:17,0
DA:18,3
DA:20,1
DA:21,3
DA:24,1
DA:26,2
DA:28,1
DA:29,2
DA:32,3
DA:36,1
DA:37,7
LF:12
LH:11
end_of_record
SF:lib\contract.dart
DA:11,2
DA:13,1
DA:14,2
DA:18,2
DA:20,2
DA:22,2
DA:24,4
DA:28,1
DA:30,2
DA:31,2
DA:36,2
DA:37,3
DA:39,3
DA:40,4
DA:42,4
DA:50,1
DA:51,3
DA:55,2
DA:56,2
DA:57,6
DA:58,2
DA:65,2
DA:66,2
DA:67,2
DA:68,4
DA:69,4
DA:70,2
DA:74,6
DA:77,2
DA:78,2
DA:80,2
DA:83,2
DA:84,2
DA:85,4
DA:86,2
DA:88,4
DA:91,0
DA:92,0
DA:93,0
DA:94,0
DA:95,0
DA:101,0
DA:102,0
DA:103,0
DA:104,0
DA:108,0
LF:46
LH:36
end_of_record
SF:lib\connect.dart
DA:282,2
DA:285,1
DA:286,1
DA:290,1
DA:296,3
DA:297,2
DA:298,2
DA:299,0
DA:301,2
DA:306,1
DA:307,2
DA:308,1
DA:309,2
DA:314,1
DA:315,2
DA:316,1
DA:317,2
DA:322,2
DA:323,2
DA:328,2
DA:333,6
DA:334,4
DA:335,4
DA:340,2
DA:341,4
DA:342,2
DA:343,8
DA:347,1
DA:348,1
DA:351,3
DA:352,2
DA:353,2
DA:354,0
DA:356,2
DA:361,1
DA:362,1
DA:366,1
DA:367,3
DA:368,2
DA:369,2
DA:370,0
DA:371,0
DA:373,2
DA:377,1
DA:378,1
DA:381,3
DA:382,2
DA:383,2
DA:384,0
DA:386,2
DA:392,1
DA:395,1
DA:396,2
DA:400,0
DA:408,0
DA:410,0
DA:412,0
DA:413,0
DA:415,0
DA:417,0
DA:424,1
DA:425,3
DA:426,1
DA:430,3
DA:431,2
DA:432,0
DA:433,0
DA:435,3
DA:436,1
DA:437,2
DA:442,1
DA:443,2
DA:444,1
DA:445,2
DA:446,1
DA:447,1
DA:448,0
DA:451,1
DA:455,1
DA:457,1
DA:458,1
DA:480,1
DA:482,1
DA:483,1
DA:496,1
DA:504,1
DA:508,2
DA:509,5
DA:510,3
DA:514,2
DA:517,3
DA:520,1
DA:521,0
DA:524,4
DA:532,0
DA:536,0
DA:537,0
DA:538,0
DA:540,0
DA:541,0
DA:542,0
DA:547,0
DA:548,0
DA:565,1
DA:575,1
DA:577,1
DA:579,2
DA:580,5
DA:581,3
DA:592,4
DA:594,0
DA:595,0
DA:596,0
DA:599,2
DA:600,0
DA:605,3
DA:606,1
DA:607,3
DA:608,1
DA:609,1
DA:610,0
DA:615,1
DA:616,1
DA:617,3
DA:630,3
DA:631,3
DA:632,1
DA:633,3
DA:635,1
DA:638,0
DA:648,0
DA:649,0
DA:651,0
DA:654,0
DA:655,0
DA:660,0
DA:661,0
DA:662,0
DA:664,0
DA:665,0
DA:667,0
DA:674,0
DA:675,0
DA:676,0
DA:678,0
DA:685,0
DA:687,0
DA:689,0
DA:694,1
DA:698,1
DA:699,0
DA:701,4
DA:703,2
DA:705,2
DA:706,2
DA:707,1
DA:709,3
DA:710,2
DA:711,2
DA:712,1
DA:734,3
DA:735,3
DA:736,3
DA:737,1
DA:738,3
DA:742,1
DA:747,1
DA:749,0
DA:750,2
DA:751,1
DA:752,2
DA:755,1
DA:756,6
DA:759,3
DA:760,3
DA:761,1
DA:762,3
DA:763,1
DA:766,1
DA:768,1
DA:770,1
DA:771,2
DA:775,1
DA:778,1
DA:779,1
DA:780,1
DA:781,1
DA:787,1
DA:789,1
DA:791,2
DA:795,0
DA:796,0
LF:192
LH:139
end_of_record
SF:lib\utils.dart
DA:14,1
DA:15,4
DA:16,2
DA:17,2
DA:18,1
DA:19,2
DA:26,1
DA:27,1
DA:28,0
DA:32,1
DA:33,2
DA:34,1
DA:35,0
DA:37,0
DA:38,0
DA:40,2
DA:41,1
DA:42,2
DA:43,1
DA:48,1
DA:50,1
DA:51,1
DA:56,2
DA:57,2
DA:62,0
DA:63,0
DA:65,0
DA:74,1
DA:80,1
DA:91,0
DA:97,1
DA:106,1
DA:108,0
DA:110,1
DA:113,1
DA:115,1
DA:116,1
DA:118,1
DA:125,1
DA:126,1
DA:127,0
DA:130,1
DA:134,1
DA:135,1
DA:136,1
DA:137,2
DA:138,2
DA:140,1
DA:141,2
DA:145,1
DA:146,1
DA:150,1
DA:151,2
DA:152,1
DA:160,1
DA:162,2
DA:165,1
DA:166,0
DA:169,0
DA:170,0
DA:171,0
DA:177,0
DA:178,0
DA:184,0
DA:185,0
DA:186,0
DA:188,0
DA:193,1
DA:194,1
DA:195,1
DA:196,2
DA:197,2
DA:198,2
DA:200,0
DA:208,1
DA:209,2
DA:210,1
DA:211,1
DA:216,1
DA:217,2
DA:221,0
DA:222,0
DA:224,0
DA:226,0
DA:227,0
DA:232,0
DA:233,0
DA:235,0
DA:236,0
DA:237,0
DA:241,0
DA:243,0
DA:244,0
DA:246,0
DA:247,0
DA:249,0
DA:251,0
DA:253,0
DA:254,0
DA:255,0
DA:256,0
DA:263,1
DA:264,2
LF:103
LH:61
end_of_record
SF:lib\wallet.dart
DA:17,2
DA:18,6
DA:19,0
DA:22,8
DA:23,6
DA:24,6
DA:29,1
DA:30,1
DA:31,0
DA:34,1
DA:35,1
DA:40,1
DA:41,1
DA:42,1
DA:47,1
DA:48,1
DA:49,2
DA:52,1
DA:53,2
DA:54,1
DA:59,1
DA:60,2
DA:62,5
LF:23
LH:21
end_of_record
