SF:lib\clause.dart
DA:12,1
DA:17,0
DA:18,3
DA:20,1
DA:21,3
DA:22,1
DA:24,2
DA:26,1
DA:27,2
DA:30,3
DA:34,1
DA:35,7
LF:12
LH:11
end_of_record
SF:lib\contract.dart
DA:11,2
DA:13,1
DA:14,2
DA:18,2
DA:20,2
DA:22,2
DA:24,4
DA:28,1
DA:30,2
DA:31,2
DA:36,2
DA:37,3
DA:39,3
DA:40,4
DA:42,4
DA:50,1
DA:51,3
DA:55,2
DA:56,2
DA:57,6
DA:58,2
DA:65,2
DA:66,2
DA:67,2
DA:68,4
DA:69,4
DA:70,2
DA:74,6
DA:77,2
DA:78,2
DA:80,2
DA:83,2
DA:84,2
DA:85,4
DA:86,2
DA:88,4
DA:91,0
DA:92,0
DA:93,0
DA:94,0
DA:95,0
DA:101,0
DA:102,0
DA:103,0
DA:104,0
DA:108,0
LF:46
LH:36
end_of_record
SF:lib\codec.dart
DA:15,0
DA:16,0
DA:20,0
DA:21,0
DA:23,0
DA:24,0
DA:25,0
DA:28,0
DA:31,0
DA:32,0
DA:33,0
DA:34,0
DA:44,0
DA:45,0
DA:46,0
DA:48,0
DA:49,0
DA:50,0
DA:51,0
DA:54,0
DA:55,0
DA:56,0
DA:63,1
DA:64,3
DA:65,1
DA:67,1
DA:68,3
DA:71,1
DA:72,3
DA:73,1
DA:74,3
DA:79,1
DA:80,1
DA:81,2
DA:82,1
DA:84,2
DA:85,1
DA:90,0
DA:91,0
DA:92,0
DA:93,0
DA:95,0
DA:96,0
DA:101,1
DA:102,2
DA:107,1
DA:108,1
DA:115,0
DA:116,0
DA:117,0
DA:120,0
DA:121,0
DA:124,0
DA:125,0
DA:126,0
DA:127,0
DA:128,0
DA:131,0
DA:132,0
DA:133,0
DA:134,0
DA:135,0
DA:136,0
DA:137,0
DA:142,1
DA:143,2
DA:144,5
DA:149,1
DA:150,1
DA:151,0
DA:153,1
DA:154,2
DA:155,0
DA:157,1
DA:162,0
DA:163,0
DA:164,0
DA:169,0
DA:170,0
DA:171,0
DA:174,0
DA:175,0
DA:176,0
DA:177,0
DA:178,0
DA:179,0
DA:180,0
DA:182,0
DA:184,0
DA:185,0
DA:186,0
DA:188,0
DA:192,0
DA:193,0
DA:194,0
DA:196,0
DA:197,0
DA:198,0
DA:199,0
DA:201,0
DA:202,0
DA:203,0
DA:205,0
DA:206,0
DA:207,0
DA:209,0
DA:210,0
DA:211,0
DA:213,0
DA:214,0
DA:215,0
DA:216,0
DA:222,0
DA:223,0
DA:230,1
DA:232,1
DA:233,1
DA:234,1
DA:235,1
DA:236,1
DA:237,1
DA:238,1
DA:239,0
DA:242,1
DA:243,1
DA:245,0
DA:246,0
DA:247,0
DA:248,0
DA:250,0
DA:251,0
DA:255,1
DA:256,1
DA:257,0
DA:258,1
DA:259,0
DA:260,0
DA:261,0
DA:262,0
DA:263,0
DA:265,0
DA:268,1
DA:271,0
DA:272,0
DA:273,0
DA:274,0
DA:275,0
DA:276,0
DA:277,0
DA:278,0
DA:279,0
DA:281,0
DA:284,0
DA:287,0
DA:288,0
DA:289,0
DA:292,0
DA:293,0
DA:294,0
DA:295,0
DA:296,0
DA:299,0
DA:300,0
DA:303,0
DA:304,0
DA:305,0
DA:307,0
DA:310,0
DA:311,0
DA:312,0
DA:313,0
DA:315,0
DA:318,0
DA:320,0
LF:174
LH:41
end_of_record
SF:lib\connect.dart
DA:283,2
DA:286,1
DA:287,1
DA:291,1
DA:297,3
DA:298,2
DA:299,2
DA:300,0
DA:302,2
DA:307,1
DA:308,2
DA:309,1
DA:310,2
DA:315,1
DA:316,2
DA:317,1
DA:318,2
DA:323,2
DA:324,2
DA:329,2
DA:334,6
DA:335,4
DA:336,4
DA:341,2
DA:342,4
DA:343,2
DA:344,8
DA:348,1
DA:349,1
DA:352,3
DA:353,2
DA:354,2
DA:355,0
DA:357,2
DA:362,1
DA:363,1
DA:367,1
DA:368,3
DA:369,2
DA:370,2
DA:371,1
DA:372,3
DA:374,2
DA:378,1
DA:379,1
DA:382,3
DA:383,2
DA:384,2
DA:385,0
DA:387,2
DA:393,1
DA:396,1
DA:397,2
DA:401,0
DA:409,0
DA:411,0
DA:413,0
DA:414,0
DA:416,0
DA:418,0
DA:425,1
DA:426,3
DA:427,1
DA:431,3
DA:432,2
DA:433,0
DA:434,0
DA:436,3
DA:437,2
DA:442,1
DA:443,2
DA:444,1
DA:445,2
DA:446,1
DA:447,1
DA:448,0
DA:451,1
DA:455,1
DA:457,1
DA:458,1
DA:480,1
DA:482,1
DA:483,1
DA:496,1
DA:504,1
DA:508,2
DA:509,5
DA:510,3
DA:514,2
DA:517,3
DA:520,1
DA:521,0
DA:524,4
DA:532,0
DA:536,0
DA:537,0
DA:538,0
DA:540,0
DA:541,0
DA:542,0
DA:547,0
DA:548,0
DA:565,1
DA:575,1
DA:577,1
DA:579,2
DA:580,5
DA:581,3
DA:592,4
DA:594,0
DA:595,0
DA:596,0
DA:599,2
DA:600,0
DA:605,3
DA:606,3
DA:607,1
DA:608,1
DA:609,0
DA:614,1
DA:615,3
DA:628,3
DA:629,3
DA:630,1
DA:631,3
DA:633,1
DA:636,0
DA:646,0
DA:647,0
DA:649,0
DA:652,0
DA:653,0
DA:658,0
DA:659,0
DA:660,0
DA:662,0
DA:663,0
DA:665,0
DA:672,0
DA:673,0
DA:674,0
DA:676,0
DA:683,0
DA:685,0
DA:687,0
DA:692,1
DA:696,1
DA:697,0
DA:699,1
DA:700,3
DA:702,2
DA:704,2
DA:705,2
DA:706,1
DA:707,3
DA:708,2
DA:709,2
DA:710,1
DA:714,2
DA:715,3
DA:716,1
DA:717,0
DA:721,2
DA:722,3
DA:725,3
DA:727,3
DA:728,3
DA:729,1
DA:730,3
DA:734,1
DA:739,1
DA:741,0
DA:742,2
DA:743,1
DA:744,2
DA:747,1
DA:748,6
DA:751,3
DA:752,3
DA:753,1
DA:754,3
DA:755,1
DA:758,1
DA:760,1
DA:762,1
DA:763,2
DA:767,1
DA:770,1
DA:771,1
DA:772,1
DA:773,1
DA:779,1
DA:781,1
DA:783,2
DA:787,0
DA:788,0
LF:196
LH:144
end_of_record
SF:lib\utils.dart
DA:18,1
DA:19,4
DA:20,2
DA:21,2
DA:22,1
DA:23,2
DA:30,1
DA:31,1
DA:32,0
DA:36,1
DA:37,2
DA:38,1
DA:39,0
DA:41,0
DA:42,0
DA:44,2
DA:45,1
DA:46,2
DA:47,1
DA:52,1
DA:54,1
DA:55,1
DA:60,2
DA:61,2
DA:66,0
DA:67,0
DA:69,0
DA:78,1
DA:84,1
DA:95,0
DA:101,1
DA:110,1
DA:112,0
DA:114,1
DA:117,1
DA:119,1
DA:120,1
DA:122,1
DA:129,1
DA:130,1
DA:131,0
DA:134,1
DA:138,1
DA:139,1
DA:140,1
DA:141,2
DA:142,2
DA:144,1
DA:145,2
DA:149,1
DA:150,1
DA:154,1
DA:155,2
DA:156,1
DA:164,1
DA:166,2
DA:169,1
DA:170,0
DA:173,0
DA:174,0
DA:175,0
DA:181,0
DA:182,0
DA:188,0
DA:189,0
DA:190,0
DA:192,0
DA:197,1
DA:198,1
DA:199,2
DA:200,2
DA:201,2
DA:203,0
DA:211,1
DA:212,2
DA:213,1
DA:214,1
DA:219,1
DA:220,2
DA:224,0
DA:225,0
DA:227,0
DA:229,0
DA:230,0
DA:235,0
DA:236,0
DA:238,0
DA:239,0
DA:240,0
DA:244,0
DA:246,0
DA:247,0
DA:249,0
DA:250,0
DA:252,0
DA:254,0
DA:256,0
DA:257,0
DA:258,0
DA:259,0
DA:266,1
DA:267,3
DA:268,0
DA:271,1
DA:273,3
DA:274,4
DA:278,1
LF:107
LH:64
end_of_record
SF:lib\wallet.dart
DA:17,2
DA:18,6
DA:19,0
DA:22,8
DA:23,6
DA:24,6
DA:29,1
DA:30,1
DA:31,0
DA:34,1
DA:35,1
DA:40,1
DA:41,1
DA:42,1
DA:47,1
DA:48,1
DA:49,2
DA:52,1
DA:53,2
DA:54,1
DA:59,1
DA:60,2
DA:62,5
LF:23
LH:21
end_of_record
